app/build/outputs/logs/manifest-merger-release-report.txt
-- Merging decision tree log ---
manifest
ADDED from src\main\AndroidManifest.xml:2:1-209:12
	xmlns:tools
		ADDED from src\main\AndroidManifest.xml:3:5-51
	xmlns:android
		ADDED from src\main\AndroidManifest.xml:2:11-69
	package
		ADDED from src\main\AndroidManifest.xml:4:5-44
		INJECTED from src\main\AndroidManifest.xml
		INJECTED from src\main\AndroidManifest.xml
	android:versionName
		INJECTED from src\main\AndroidManifest.xml
		INJECTED from src\main\AndroidManifest.xml
	android:versionCode
		INJECTED from src\main\AndroidManifest.xml
		INJECTED from src\main\AndroidManifest.xml
	android:installLocation
		ADDED from src\main\AndroidManifest.xml:5:5-35
receiver#com.google.android.gcm.GCMBroadcastReceiver
ADDED from src\main\AndroidManifest.xml:8:5-20:16
	android:permission
		ADDED from src\main\AndroidManifest.xml:10:9-69
	android:name
		ADDED from src\main\AndroidManifest.xml:9:9-67
intent-filter#com.google.android.c2dm.intent.RECEIVE+com.google.android.c2dm.intent.REGISTRATION+org.wordpress.android
ADDED from src\main\AndroidManifest.xml:11:9-19:25
action#com.google.android.c2dm.intent.RECEIVE
ADDED from src\main\AndroidManifest.xml:14:13-77
	android:name
		ADDED from src\main\AndroidManifest.xml:14:21-74
action#com.google.android.c2dm.intent.REGISTRATION
ADDED from src\main\AndroidManifest.xml:16:13-82
	android:name
		ADDED from src\main\AndroidManifest.xml:16:21-79
category#org.wordpress.android
ADDED from src\main\AndroidManifest.xml:18:13-62
	android:name
		ADDED from src\main\AndroidManifest.xml:18:23-59
permission#com.example.manish.androidcms.permission.C2D_MESSAGE
ADDED from src\main\AndroidManifest.xml:22:5-24:47
	android:protectionLevel
		ADDED from src\main\AndroidManifest.xml:24:9-44
	android:name
		ADDED from src\main\AndroidManifest.xml:23:9-76
supports-screens
ADDED from src\main\AndroidManifest.xml:28:5-32:39
	android:largeScreens
		ADDED from src\main\AndroidManifest.xml:30:9-36
	android:anyDensity
		ADDED from src\main\AndroidManifest.xml:29:9-34
	android:normalScreens
		ADDED from src\main\AndroidManifest.xml:31:9-37
	android:smallScreens
		ADDED from src\main\AndroidManifest.xml:32:9-36
uses-permission#com.example.manish.androidcms.permission.C2D_MESSAGE
ADDED from src\main\AndroidManifest.xml:34:5-92
	android:name
		ADDED from src\main\AndroidManifest.xml:34:22-89
uses-permission#android.permission.INTERNET
ADDED from src\main\AndroidManifest.xml:35:5-67
MERGED from [com.crashlytics.sdk.android:crashlytics:2.2.2] AndroidManifest.xml:9:5-67
MERGED from [com.helpshift:android-aar:3.7.2] AndroidManifest.xml:11:5-67
MERGED from [com.mixpanel.android:mixpanel-android:4.3.0] AndroidManifest.xml:17:5-67
	android:name
		ADDED from src\main\AndroidManifest.xml:35:22-64
uses-permission#android.permission.CAMERA
ADDED from src\main\AndroidManifest.xml:36:5-65
	android:name
		ADDED from src\main\AndroidManifest.xml:36:22-62
uses-permission#android.permission.WRITE_EXTERNAL_STORAGE
ADDED from src\main\AndroidManifest.xml:37:5-81
MERGED from [com.helpshift:android-aar:3.7.2] AndroidManifest.xml:13:5-81
	android:name
		ADDED from src\main\AndroidManifest.xml:37:22-78
uses-permission#android.permission.VIBRATE
ADDED from src\main\AndroidManifest.xml:38:5-66
	android:name
		ADDED from src\main\AndroidManifest.xml:38:22-63
uses-permission#android.permission.ACCESS_FINE_LOCATION
ADDED from src\main\AndroidManifest.xml:39:5-79
	android:name
		ADDED from src\main\AndroidManifest.xml:39:22-76
uses-permission#android.permission.ACCESS_COARSE_LOCATION
ADDED from src\main\AndroidManifest.xml:40:5-81
	android:name
		ADDED from src\main\AndroidManifest.xml:40:22-78
uses-permission#android.permission.ACCESS_NETWORK_STATE
ADDED from src\main\AndroidManifest.xml:41:5-79
MERGED from [com.helpshift:android-aar:3.7.2] AndroidManifest.xml:12:5-79
	android:name
		ADDED from src\main\AndroidManifest.xml:41:22-76
uses-permission#com.android.launcher.permission.INSTALL_SHORTCUT
ADDED from src\main\AndroidManifest.xml:42:5-88
	android:name
		ADDED from src\main\AndroidManifest.xml:42:22-85
uses-permission#com.android.launcher.permission.UNINSTALL_SHORTCUT
ADDED from src\main\AndroidManifest.xml:43:5-90
	android:name
		ADDED from src\main\AndroidManifest.xml:43:22-87
uses-permission#com.google.android.c2dm.permission.RECEIVE
ADDED from src\main\AndroidManifest.xml:46:5-82
	android:name
		ADDED from src\main\AndroidManifest.xml:46:22-79
uses-permission#android.permission.GET_ACCOUNTS
ADDED from src\main\AndroidManifest.xml:47:5-71
	android:name
		ADDED from src\main\AndroidManifest.xml:47:22-68
uses-permission#android.permission.WAKE_LOCK
ADDED from src\main\AndroidManifest.xml:48:5-68
	android:name
		ADDED from src\main\AndroidManifest.xml:48:22-65
uses-feature#android.hardware.camera
ADDED from src\main\AndroidManifest.xml:50:5-52:36
	android:required
		ADDED from src\main\AndroidManifest.xml:52:9-33
	android:name
		ADDED from src\main\AndroidManifest.xml:51:9-47
uses-feature#android.hardware.location
ADDED from src\main\AndroidManifest.xml:53:5-55:36
	android:required
		ADDED from src\main\AndroidManifest.xml:55:9-33
	android:name
		ADDED from src\main\AndroidManifest.xml:54:9-49
uses-feature#android.hardware.location.gps
ADDED from src\main\AndroidManifest.xml:56:5-58:36
	android:required
		ADDED from src\main\AndroidManifest.xml:58:9-33
	android:name
		ADDED from src\main\AndroidManifest.xml:57:9-53
uses-feature#android.hardware.location.network
ADDED from src\main\AndroidManifest.xml:59:5-61:36
	android:required
		ADDED from src\main\AndroidManifest.xml:61:9-33
	android:name
		ADDED from src\main\AndroidManifest.xml:60:9-57
uses-feature#android.hardware.touchscreen
ADDED from src\main\AndroidManifest.xml:62:5-64:36
	android:required
		ADDED from src\main\AndroidManifest.xml:64:9-33
	android:name
		ADDED from src\main\AndroidManifest.xml:63:9-52
application
ADDED from src\main\AndroidManifest.xml:70:5-207:19
MERGED from [com.crashlytics.sdk.android:crashlytics:2.2.2] AndroidManifest.xml:11:5-20
MERGED from [com.crashlytics.sdk.android:answers:1.1.2] AndroidManifest.xml:9:5-20
MERGED from [io.fabric.sdk.android:fabric:1.2.0] AndroidManifest.xml:9:5-20
MERGED from [io.fabric.sdk.android:fabric:1.2.0] AndroidManifest.xml:9:5-20
MERGED from [com.crashlytics.sdk.android:beta:1.1.2] AndroidManifest.xml:9:5-20
MERGED from [io.fabric.sdk.android:fabric:1.2.0] AndroidManifest.xml:9:5-20
MERGED from [org.wordpress:mediapicker:1.2.1] AndroidManifest.xml:11:5-14:44
MERGED from [com.android.support:support-v13:21.0.3] AndroidManifest.xml:16:5-19
MERGED from [com.android.support:support-v4:21.0.3] AndroidManifest.xml:16:5-19
MERGED from [com.android.support:appcompat-v7:21.0.3] AndroidManifest.xml:16:5-19
MERGED from [com.android.support:support-v4:21.0.3] AndroidManifest.xml:16:5-19
MERGED from [com.android.support:cardview-v7:21.0.3] AndroidManifest.xml:16:5-19
MERGED from [com.android.support:recyclerview-v7:21.0.3] AndroidManifest.xml:17:5-19:19
MERGED from [com.android.support:support-v4:21.0.3] AndroidManifest.xml:16:5-19
MERGED from [com.github.chrisbanes.photoview:library:1.2.3] AndroidManifest.xml:4:5-81
MERGED from [com.android.support:support-v4:21.0.3] AndroidManifest.xml:16:5-19
MERGED from [com.helpshift:android-aar:3.7.2] AndroidManifest.xml:15:5-65:19
MERGED from [com.android.support:support-v4:21.0.3] AndroidManifest.xml:16:5-19
MERGED from [org.wordpress:slidinguppanel:1.0.0] AndroidManifest.xml:11:5-20
MERGED from [com.android.support:support-v4:21.0.3] AndroidManifest.xml:16:5-19
MERGED from [org.wordpress:emailchecker:0.3] AndroidManifest.xml:11:5-48
MERGED from [com.android.support:support-v13:21.0.3] AndroidManifest.xml:16:5-19
MERGED from [com.android.support:support-v4:21.0.3] AndroidManifest.xml:16:5-19
MERGED from [org.wordpress:WordPressEditor:1.0:release] AndroidManifest.xml:11:5-13:19
MERGED from [com.android.support:appcompat-v7:21.0.3] AndroidManifest.xml:16:5-19
MERGED from [com.android.support:support-v4:21.0.3] AndroidManifest.xml:16:5-19
MERGED from [com.android.support:support-v4:21.0.3] AndroidManifest.xml:16:5-19
MERGED from [com.mixpanel.android:mixpanel-android:4.3.0] AndroidManifest.xml:44:5-124:19
MERGED from [com.android.support:support-v13:21.0.3] AndroidManifest.xml:16:5-19
MERGED from [com.android.support:support-v4:21.0.3] AndroidManifest.xml:16:5-19
	android:label
		ADDED from src\main\AndroidManifest.xml:75:9-41
	android:allowBackup
		ADDED from src\main\AndroidManifest.xml:72:9-35
		REJECTED from [org.wordpress:mediapicker:1.2.1] AndroidManifest.xml:12:9-35
		REJECTED from [com.github.chrisbanes.photoview:library:1.2.3] AndroidManifest.xml:4:18-44
		REJECTED from [org.wordpress:emailchecker:0.3] AndroidManifest.xml:11:18-45
	android:icon
		ADDED from src\main\AndroidManifest.xml:74:9-41
		REJECTED from [org.wordpress:mediapicker:1.2.1] AndroidManifest.xml:13:9-45
	android:theme
		ADDED from src\main\AndroidManifest.xml:76:9-41
	android:hardwareAccelerated
		ADDED from src\main\AndroidManifest.xml:73:9-43
	tools:replace
		ADDED from src\main\AndroidManifest.xml:77:9-42
	android:name
		ADDED from src\main\AndroidManifest.xml:71:9-28
	tools:ignore
		ADDED from [com.mixpanel.android:mixpanel-android:4.3.0] AndroidManifest.xml:44:18-44
activity#com.example.manish.androidcms.ui.CMSLaunchActivity
ADDED from src\main\AndroidManifest.xml:79:9-89:20
	android:label
		ADDED from src\main\AndroidManifest.xml:81:13-45
	android:theme
		ADDED from src\main\AndroidManifest.xml:82:13-55
	android:name
		ADDED from src\main\AndroidManifest.xml:80:13-49
intent-filter#android.intent.action.MAIN+android.intent.category.LAUNCHER
ADDED from src\main\AndroidManifest.xml:84:13-88:29
action#android.intent.action.MAIN
ADDED from src\main\AndroidManifest.xml:85:17-69
	android:name
		ADDED from src\main\AndroidManifest.xml:85:25-66
category#android.intent.category.LAUNCHER
ADDED from src\main\AndroidManifest.xml:87:17-77
	android:name
		ADDED from src\main\AndroidManifest.xml:87:27-74
activity#com.example.manish.androidcms.ui.WPWebViewActivity
ADDED from src\main\AndroidManifest.xml:91:9-57
	android:name
		ADDED from src\main\AndroidManifest.xml:91:19-55
activity#com.example.manish.androidcms.ui.posts.EditPostActivity
ADDED from src\main\AndroidManifest.xml:103:9-114:20
	android:windowSoftInputMode
		ADDED from src\main\AndroidManifest.xml:106:13-67
	android:configChanges
		ADDED from src\main\AndroidManifest.xml:105:13-74
	android:theme
		ADDED from src\main\AndroidManifest.xml:107:13-48
	android:name
		ADDED from src\main\AndroidManifest.xml:104:13-54
meta-data#android.support.PARENT_ACTIVITY
ADDED from src\main\AndroidManifest.xml:108:13-110:59
	android:name
		ADDED from src\main\AndroidManifest.xml:109:17-63
	android:value
		ADDED from src\main\AndroidManifest.xml:110:17-56
intent-filter#android.intent.action.MAIN
ADDED from src\main\AndroidManifest.xml:111:13-113:29
activity#com.example.manish.androidcms.ui.accounts.SignInActivity
ADDED from src\main\AndroidManifest.xml:116:9-120:50
	android:windowSoftInputMode
		ADDED from src\main\AndroidManifest.xml:119:13-55
	android:configChanges
		ADDED from src\main\AndroidManifest.xml:118:13-74
	android:theme
		ADDED from src\main\AndroidManifest.xml:120:13-47
	android:name
		ADDED from src\main\AndroidManifest.xml:117:13-55
activity#com.example.manish.androidcms.ui.accounts.NewAccountActivity
ADDED from src\main\AndroidManifest.xml:121:9-124:54
	android:windowSoftInputMode
		ADDED from src\main\AndroidManifest.xml:124:13-52
	android:configChanges
		ADDED from src\main\AndroidManifest.xml:122:13-74
	android:theme
		ADDED from src\main\AndroidManifest.xml:123:13-47
	android:name
		ADDED from src\main\AndroidManifest.xml:121:19-65
activity#com.example.manish.androidcms.ui.posts.PostsActivity
ADDED from src\main\AndroidManifest.xml:126:9-133:20
	android:theme
		ADDED from src\main\AndroidManifest.xml:128:13-60
	android:name
		ADDED from src\main\AndroidManifest.xml:127:13-51
activity#com.example.manish.androidcms.ui.comments.CommentsActivity
ADDED from src\main\AndroidManifest.xml:136:9-138:63
	android:theme
		ADDED from src\main\AndroidManifest.xml:138:13-60
	android:name
		ADDED from src\main\AndroidManifest.xml:137:13-57
activity#com.example.manish.androidcms.ui.prefs.SettingsActivity
ADDED from src\main\AndroidManifest.xml:140:9-147:20
	android:theme
		ADDED from src\main\AndroidManifest.xml:142:13-60
	android:name
		ADDED from src\main\AndroidManifest.xml:141:13-54
activity#com.example.manish.androidcms.ui.posts.PagesActivity
ADDED from src\main\AndroidManifest.xml:148:9-150:63
	android:theme
		ADDED from src\main\AndroidManifest.xml:150:13-60
	android:name
		ADDED from src\main\AndroidManifest.xml:149:13-51
activity#com.example.manish.androidcms.ui.media.MediaPickerActivity
ADDED from src\main\AndroidManifest.xml:152:9-154:63
	android:theme
		ADDED from src\main\AndroidManifest.xml:154:13-60
	android:name
		ADDED from src\main\AndroidManifest.xml:153:13-57
activity#com.example.manish.androidcms.ui.posts.SelectCategoriesActivity
ADDED from src\main\AndroidManifest.xml:156:9-158:50
	android:theme
		ADDED from src\main\AndroidManifest.xml:158:13-48
	android:name
		ADDED from src\main\AndroidManifest.xml:157:13-62
activity#com.example.manish.androidcms.ui.posts.AddCategoryActivity
ADDED from src\main\AndroidManifest.xml:161:9-164:55
	android:label
		ADDED from src\main\AndroidManifest.xml:163:13-53
	android:theme
		ADDED from src\main\AndroidManifest.xml:164:13-52
	android:name
		ADDED from src\main\AndroidManifest.xml:162:13-57
activity#com.example.manish.androidcms.ui.notifications.NotificationsActivity
ADDED from src\main\AndroidManifest.xml:168:9-170:63
	android:theme
		ADDED from src\main\AndroidManifest.xml:170:13-60
	android:name
		ADDED from src\main\AndroidManifest.xml:169:13-67
activity#com.example.manish.androidcms.ui.notifications.NotificationsDetailActivity
ADDED from src\main\AndroidManifest.xml:171:9-173:51
	android:theme
		ADDED from src\main\AndroidManifest.xml:173:13-48
	android:name
		ADDED from src\main\AndroidManifest.xml:172:13-73
service#com.example.manish.androidcms.ui.posts.PostUploadService
ADDED from src\main\AndroidManifest.xml:175:9-178:19
	android:label
		ADDED from src\main\AndroidManifest.xml:177:13-48
	android:name
		ADDED from src\main\AndroidManifest.xml:176:13-55
service#com.example.manish.androidcms.ui.media.services.MediaUploadService
ADDED from src\main\AndroidManifest.xml:180:9-183:19
	android:label
		ADDED from src\main\AndroidManifest.xml:182:13-49
	android:name
		ADDED from src\main\AndroidManifest.xml:181:13-65
service#com.example.manish.androidcms.GCMIntentService
ADDED from src\main\AndroidManifest.xml:185:9-52
	android:name
		ADDED from src\main\AndroidManifest.xml:185:18-50
receiver#com.example.manish.androidcms.GCMReceiver
ADDED from src\main\AndroidManifest.xml:188:9-197:20
	android:permission
		ADDED from src\main\AndroidManifest.xml:190:13-73
	android:name
		ADDED from src\main\AndroidManifest.xml:189:13-40
intent-filter#com.example.manish.androidcms+com.google.android.c2dm.intent.RECEIVE+com.google.android.c2dm.intent.REGISTRATION
ADDED from src\main\AndroidManifest.xml:191:13-196:29
category#com.example.manish.androidcms
ADDED from src\main\AndroidManifest.xml:195:17-73
	android:name
		ADDED from src\main\AndroidManifest.xml:195:27-71
uses-sdk
INJECTED from src\main\AndroidManifest.xml reason: use-sdk injection requested
MERGED from [com.crashlytics.sdk.android:crashlytics:2.2.2] AndroidManifest.xml:7:5-43
MERGED from [com.crashlytics.sdk.android:answers:1.1.2] AndroidManifest.xml:7:5-43
MERGED from [io.fabric.sdk.android:fabric:1.2.0] AndroidManifest.xml:7:5-43
MERGED from [io.fabric.sdk.android:fabric:1.2.0] AndroidManifest.xml:7:5-43
MERGED from [com.crashlytics.sdk.android:beta:1.1.2] AndroidManifest.xml:7:5-43
MERGED from [io.fabric.sdk.android:fabric:1.2.0] AndroidManifest.xml:7:5-43
MERGED from [org.wordpress:mediapicker:1.2.1] AndroidManifest.xml:7:5-9:41
MERGED from [com.android.support:support-v13:21.0.3] AndroidManifest.xml:15:5-43
MERGED from [com.android.support:support-v4:21.0.3] AndroidManifest.xml:15:5-42
MERGED from [com.android.support:appcompat-v7:21.0.3] AndroidManifest.xml:15:5-42
MERGED from [com.android.support:support-v4:21.0.3] AndroidManifest.xml:15:5-42
MERGED from [com.android.support:cardview-v7:21.0.3] AndroidManifest.xml:15:5-42
MERGED from [com.android.support:recyclerview-v7:21.0.3] AndroidManifest.xml:15:5-42
MERGED from [com.android.support:support-v4:21.0.3] AndroidManifest.xml:15:5-42
MERGED from [com.github.chrisbanes.photoview:library:1.2.3] AndroidManifest.xml:2:5-72
MERGED from [com.android.support:support-v4:21.0.3] AndroidManifest.xml:15:5-42
MERGED from [com.helpshift:android-aar:3.7.2] AndroidManifest.xml:7:5-9:41
MERGED from [com.cocosw:undobar:1.6] AndroidManifest.xml:23:5-25:41
MERGED from [org.wordpress:drag-sort-listview:0.6.1] AndroidManifest.xml:6:5-7:35
MERGED from [com.android.support:support-v4:21.0.3] AndroidManifest.xml:15:5-42
MERGED from [org.wordpress:slidinguppanel:1.0.0] AndroidManifest.xml:7:5-9:41
MERGED from [com.android.support:support-v4:21.0.3] AndroidManifest.xml:15:5-42
MERGED from [org.wordpress:android-passcodelock:0.0.6] AndroidManifest.xml:7:5-9:41
MERGED from [org.wordpress:emailchecker:0.3] AndroidManifest.xml:7:5-9:41
MERGED from [org.wordpress:PersistentEditText:1.0:release] AndroidManifest.xml:7:5-9:41
MERGED from [org.wordpress:WordPressUtils:1.4.0:release] AndroidManifest.xml:6:5-8:41
MERGED from [com.android.support:support-v13:21.0.3] AndroidManifest.xml:15:5-43
MERGED from [com.android.support:support-v4:21.0.3] AndroidManifest.xml:15:5-42
MERGED from [org.wordpress:WordPressEditor:1.0:release] AndroidManifest.xml:7:5-9:41
MERGED from [com.android.support:appcompat-v7:21.0.3] AndroidManifest.xml:15:5-42
MERGED from [com.android.support:support-v4:21.0.3] AndroidManifest.xml:15:5-42
MERGED from [com.android.support:support-v4:21.0.3] AndroidManifest.xml:15:5-42
MERGED from [org.wordpress:analytics:1.0.0] AndroidManifest.xml:6:5-8:41
MERGED from [com.mixpanel.android:mixpanel-android:4.3.0] AndroidManifest.xml:11:5-14:42
MERGED from [org.wordpress:WordPressUtils:1.4.0:release] AndroidManifest.xml:6:5-8:41
MERGED from [com.android.support:support-v13:21.0.3] AndroidManifest.xml:15:5-43
MERGED from [com.android.support:support-v4:21.0.3] AndroidManifest.xml:15:5-42
	android:targetSdkVersion
		INJECTED from src\main\AndroidManifest.xml
		INJECTED from src\main\AndroidManifest.xml
	android:minSdkVersion
		INJECTED from src\main\AndroidManifest.xml
		INJECTED from src\main\AndroidManifest.xml
	tools:ignore
		ADDED from [com.mixpanel.android:mixpanel-android:4.3.0] AndroidManifest.xml:14:9-39
activity#android.support.v7.widget.TestActivity
ADDED from [com.android.support:recyclerview-v7:21.0.3] AndroidManifest.xml:18:9-115
	android:label
		ADDED from [com.android.support:recyclerview-v7:21.0.3] AndroidManifest.xml:18:19-59
	android:name
		ADDED from [com.android.support:recyclerview-v7:21.0.3] AndroidManifest.xml:18:60-113
activity#com.helpshift.HSConversation
ADDED from [com.helpshift:android-aar:3.7.2] AndroidManifest.xml:16:9-20:63
	android:label
		ADDED from [com.helpshift:android-aar:3.7.2] AndroidManifest.xml:19:13-60
	android:configChanges
		ADDED from [com.helpshift:android-aar:3.7.2] AndroidManifest.xml:18:13-82
	android:theme
		ADDED from [com.helpshift:android-aar:3.7.2] AndroidManifest.xml:20:13-60
	android:name
		ADDED from [com.helpshift:android-aar:3.7.2] AndroidManifest.xml:17:13-56
activity#com.helpshift.HSQuestionsList
ADDED from [com.helpshift:android-aar:3.7.2] AndroidManifest.xml:21:9-24:63
	android:configChanges
		ADDED from [com.helpshift:android-aar:3.7.2] AndroidManifest.xml:23:13-59
	android:theme
		ADDED from [com.helpshift:android-aar:3.7.2] AndroidManifest.xml:24:13-60
	android:name
		ADDED from [com.helpshift:android-aar:3.7.2] AndroidManifest.xml:22:13-57
activity#com.helpshift.HSQuestion
ADDED from [com.helpshift:android-aar:3.7.2] AndroidManifest.xml:25:9-30:63
	android:label
		ADDED from [com.helpshift:android-aar:3.7.2] AndroidManifest.xml:29:13-56
	android:configChanges
		ADDED from [com.helpshift:android-aar:3.7.2] AndroidManifest.xml:27:13-59
	android:theme
		ADDED from [com.helpshift:android-aar:3.7.2] AndroidManifest.xml:30:13-60
	android:hardwareAccelerated
		ADDED from [com.helpshift:android-aar:3.7.2] AndroidManifest.xml:28:13-47
	android:name
		ADDED from [com.helpshift:android-aar:3.7.2] AndroidManifest.xml:26:13-52
activity#com.helpshift.HSSection
ADDED from [com.helpshift:android-aar:3.7.2] AndroidManifest.xml:31:9-36:55
	android:windowSoftInputMode
		ADDED from [com.helpshift:android-aar:3.7.2] AndroidManifest.xml:36:13-52
	android:configChanges
		ADDED from [com.helpshift:android-aar:3.7.2] AndroidManifest.xml:33:13-59
	android:theme
		ADDED from [com.helpshift:android-aar:3.7.2] AndroidManifest.xml:35:13-60
	android:hardwareAccelerated
		ADDED from [com.helpshift:android-aar:3.7.2] AndroidManifest.xml:34:13-47
	android:name
		ADDED from [com.helpshift:android-aar:3.7.2] AndroidManifest.xml:32:13-51
activity#com.helpshift.HSFaqs
ADDED from [com.helpshift:android-aar:3.7.2] AndroidManifest.xml:37:9-43:55
	android:windowSoftInputMode
		ADDED from [com.helpshift:android-aar:3.7.2] AndroidManifest.xml:43:13-52
	android:label
		ADDED from [com.helpshift:android-aar:3.7.2] AndroidManifest.xml:41:13-52
	android:configChanges
		ADDED from [com.helpshift:android-aar:3.7.2] AndroidManifest.xml:39:13-59
	android:theme
		ADDED from [com.helpshift:android-aar:3.7.2] AndroidManifest.xml:42:13-60
	android:hardwareAccelerated
		ADDED from [com.helpshift:android-aar:3.7.2] AndroidManifest.xml:40:13-47
	android:name
		ADDED from [com.helpshift:android-aar:3.7.2] AndroidManifest.xml:38:13-48
activity#com.helpshift.HSReview
ADDED from [com.helpshift:android-aar:3.7.2] AndroidManifest.xml:44:9-47:61
	android:configChanges
		ADDED from [com.helpshift:android-aar:3.7.2] AndroidManifest.xml:46:13-59
	android:theme
		ADDED from [com.helpshift:android-aar:3.7.2] AndroidManifest.xml:47:13-58
	android:name
		ADDED from [com.helpshift:android-aar:3.7.2] AndroidManifest.xml:45:13-50
activity#com.helpshift.ScreenshotPreviewActivity
ADDED from [com.helpshift:android-aar:3.7.2] AndroidManifest.xml:48:9-51:63
	android:configChanges
		ADDED from [com.helpshift:android-aar:3.7.2] AndroidManifest.xml:50:13-59
	android:theme
		ADDED from [com.helpshift:android-aar:3.7.2] AndroidManifest.xml:51:13-60
	android:name
		ADDED from [com.helpshift:android-aar:3.7.2] AndroidManifest.xml:49:13-67
activity#com.helpshift.SearchResultActivity
ADDED from [com.helpshift:android-aar:3.7.2] AndroidManifest.xml:52:9-55:63
	android:configChanges
		ADDED from [com.helpshift:android-aar:3.7.2] AndroidManifest.xml:54:13-59
	android:theme
		ADDED from [com.helpshift:android-aar:3.7.2] AndroidManifest.xml:55:13-60
	android:name
		ADDED from [com.helpshift:android-aar:3.7.2] AndroidManifest.xml:53:13-62
service#com.helpshift.HSService
ADDED from [com.helpshift:android-aar:3.7.2] AndroidManifest.xml:57:9-60:19
	android:label
		ADDED from [com.helpshift:android-aar:3.7.2] AndroidManifest.xml:59:13-46
	android:name
		ADDED from [com.helpshift:android-aar:3.7.2] AndroidManifest.xml:58:13-51
service#com.helpshift.HSRetryService
ADDED from [com.helpshift:android-aar:3.7.2] AndroidManifest.xml:61:9-64:19
	android:label
		ADDED from [com.helpshift:android-aar:3.7.2] AndroidManifest.xml:63:13-46
	android:name
		ADDED from [com.helpshift:android-aar:3.7.2] AndroidManifest.xml:62:13-56
activity#org.wordpress.android.editor.legacy.EditLinkActivity
ADDED from [org.wordpress:WordPressEditor:1.0:release] AndroidManifest.xml:12:9-89
	android:name
		ADDED from [org.wordpress:WordPressEditor:1.0:release] AndroidManifest.xml:12:19-86